<?xml version="1.0" encoding="UTF-8"?>
<testsuite xmlns:xsi="http://www.w3.org/2001/XMLSchema-instance" xsi:noNamespaceSchemaLocation="https://maven.apache.org/surefire/maven-surefire-plugin/xsd/surefire-test-report-3.0.xsd" version="3.0" name="edu.brown.cs.student.Testing" time="0.047" tests="10" errors="0" skipped="0" failures="0">
  <properties>
[...]
</properties>
  <testcase name="testSearchWithColumnName" classname="edu.brown.cs.student.Testing" time="0.02">
    <system-out><![CDATA[[[87666, Barnard's Star, -0.01729, -1.81533, 0.14824]]
]]></system-out>
  </testcase>
  <testcase name="RegularExpressionErrorCaught" classname="edu.brown.cs.student.Testing" time="0.002">
    <system-out><![CDATA[[[RI, Black,  $770.26 , 30424.80376,  $0.73 , 6%]]
]]></system-out>
  </testcase>
  <testcase name="testParseLength" classname="edu.brown.cs.student.Testing" time="0.001"/>
  <testcase name="testParseNormal" classname="edu.brown.cs.student.Testing" time="0.001"/>
  <testcase name="testItemInFileButWrongColumn" classname="edu.brown.cs.student.Testing" time="0.005">
    <system-out><![CDATA[Your file does not contain any instances of Proxima Centauri in the StarID column.
]]></system-out>
  </testcase>
  <testcase name="testSearchWithNoColumn" classname="edu.brown.cs.student.Testing" time="0.001">
    <system-out><![CDATA[[[87666, Barnard's Star, -0.01729, -1.81533, 0.14824]]
]]></system-out>
  </testcase>
  <testcase name="testSearchWithColumnNumber" classname="edu.brown.cs.student.Testing" time="0.001">
    <system-out><![CDATA[[[87666, Barnard's Star, -0.01729, -1.81533, 0.14824]]
]]></system-out>
  </testcase>
  <testcase name="testItemNotInFile" classname="edu.brown.cs.student.Testing" time="0.002">
    <system-out><![CDATA[Your file does not contain any instances of CS32.
]]></system-out>
  </testcase>
  <testcase name="testFileReader" classname="edu.brown.cs.student.Testing" time="0"/>
  <testcase name="testStringReader" classname="edu.brown.cs.student.Testing" time="0.001"/>
</testsuite>